<?xml version="1.0" encoding="UTF-8" ?>
<testsuite tests="1" failures="1" name="com.tjut.test.TestUserMapperTest" time="0.001" errors="0" skipped="0">
  <properties>
    <property name="idea.version" value="2021.3.3"/>
    <property name="java.runtime.name" value="OpenJDK Runtime Environment"/>
    <property name="sun.boot.library.path" value="C:\Users\26072\.jdks\corretto-1.8.0_322\jre\bin"/>
    <property name="java.vm.version" value="25.322-b06"/>
    <property name="java.vm.vendor" value="Amazon.com Inc."/>
    <property name="maven.multiModuleProjectDirectory" value="D:\javaProject\Projects\wms-project"/>
    <property name="java.vendor.url" value="https://aws.amazon.com/corretto/"/>
    <property name="path.separator" value=";"/>
    <property name="guice.disable.misplaced.annotation.check" value="true"/>
    <property name="java.vm.name" value="OpenJDK 64-Bit Server VM"/>
    <property name="file.encoding.pkg" value="sun.io"/>
    <property name="user.script" value=""/>
    <property name="user.country" value="CN"/>
    <property name="sun.java.launcher" value="SUN_STANDARD"/>
    <property name="sun.os.patch.level" value=""/>
    <property name="java.vm.specification.name" value="Java Virtual Machine Specification"/>
    <property name="user.dir" value="D:\javaProject\Projects\wms-project"/>
    <property name="java.runtime.version" value="1.8.0_322-b06"/>
    <property name="java.awt.graphicsenv" value="sun.awt.Win32GraphicsEnvironment"/>
    <property name="java.endorsed.dirs" value="C:\Users\26072\.jdks\corretto-1.8.0_322\jre\lib\endorsed"/>
    <property name="os.arch" value="amd64"/>
    <property name="java.io.tmpdir" value="C:\Users\26072\AppData\Local\Temp\"/>
    <property name="line.separator" value="
"/>
    <property name="java.vm.specification.vendor" value="Oracle Corporation"/>
    <property name="user.variant" value=""/>
    <property name="os.name" value="Windows 10"/>
    <property name="maven.ext.class.path" value="C:\Program Files\JetBrains\IntelliJ IDEA 2021.3.3\plugins\maven\lib\maven-event-listener.jar"/>
    <property name="classworlds.conf" value="C:\apache-maven-3.6.1\bin\m2.conf"/>
    <property name="sun.jnu.encoding" value="GBK"/>
    <property name="java.library.path" value="C:\Users\26072\.jdks\corretto-1.8.0_322\bin;C:\Windows\Sun\Java\bin;C:\Windows\system32;C:\Windows;C:\Program Files\NVIDIA GPU Computing Toolkit\CUDA\v11.1\bin;C:\Program Files\NVIDIA GPU Computing Toolkit\CUDA\v11.1\libnvvp;C:\Program Files\NVIDIA GPU Computing Toolkit\CUDA\v10.2\bin;C:\Program Files\NVIDIA GPU Computing Toolkit\CUDA\v10.2\libnvvp;C:\Windows\system32;C:\Windows;C:\Windows\System32\Wbem;C:\Windows\System32\WindowsPowerShell\v1.0\;C:\Windows\System32\OpenSSH\;C:\Program Files (x86)\NVIDIA Corporation\PhysX\Common;C:\Program Files\NVIDIA Corporation\NVIDIA NvDLISR;C:\Apps\;C:\Program Files\Git\cmd;C:\Users\26072\AppData\Roaming\nvm;C:\Program Files\nodejs;C:\Program Files\NVIDIA Corporation\Nsight Compute 2020.2.0\;C:\Program Files (x86)\Windows Kits\8.1\Windows Performance Toolkit\;C:\Program Files\dotnet\;D:\developer\env\node-v16.17.0\;D:\Apps\texlive\bin\win32;C:\Users\26072\AppData\Local\Microsoft\WindowsApps;C:\Program Files\JetBrains\IntelliJ IDEA 2021.3.3\bin;;C:\Program Files\MySQL\MySQL Server 8.0\bin;C:\Program Files\Java\jdk1.8.0_271\bin;C:\apache-maven-3.6.1\bin;C:\Program Files\JetBrains\PyCharm 2022.3.2\bin;;D:\Apps\miniconda;D:\Apps\miniconda\Scripts;D:\Apps\miniconda\Library\bin;D:\Apps\miniconda\Library\mingw-w64;D:\Apps\miniconda\envs\PythonWork\python.exe;C:\Program Files\NVIDIA GPU Computing Toolkit\CUDA\v11.1;C:\Program Files\NVIDIA GPU Computing Toolkit\CUDA\v11.1\lib\x64;D:\Apps\HBuilderX\plugins\launcher\tools\adbs;D:\Apps\cpolar;C:\Users\26072\AppData\Local\Programs\MiKTeX\miktex\bin\x64\;C:\Users\26072\AppData\Local\Programs\Microsoft VS Code\bin;C:\Users\26072\AppData\Roaming\npm\node_modules\yarn\bin;D:\developer\env\ffmpeg\ffmpeg\ffmpeg.exe;;."/>
    <property name="maven.conf" value="C:\apache-maven-3.6.1/conf"/>
    <property name="java.specification.name" value="Java Platform API Specification"/>
    <property name="java.class.version" value="52.0"/>
    <property name="sun.management.compiler" value="HotSpot 64-Bit Tiered Compilers"/>
    <property name="maven.repo.local" value="C:\maven-respority3.6.1"/>
    <property name="os.version" value="10.0"/>
    <property name="user.home" value="C:\Users\26072"/>
    <property name="user.timezone" value="Asia/Shanghai"/>
    <property name="java.awt.printerjob" value="sun.awt.windows.WPrinterJob"/>
    <property name="java.specification.version" value="1.8"/>
    <property name="file.encoding" value="UTF-8"/>
    <property name="user.name" value="26072"/>
    <property name="java.class.path" value="C:\apache-maven-3.6.1\boot\plexus-classworlds-2.6.0.jar;C:\Program Files\JetBrains\IntelliJ IDEA 2021.3.3\lib\idea_rt.jar"/>
    <property name="java.vm.specification.version" value="1.8"/>
    <property name="sun.arch.data.model" value="64"/>
    <property name="java.home" value="C:\Users\26072\.jdks\corretto-1.8.0_322\jre"/>
    <property name="sun.java.command" value="org.codehaus.classworlds.Launcher -Didea.version=2021.3.3 -s C:\apache-maven-3.6.1\conf\settings.xml -Dmaven.repo.local=C:\maven-respority3.6.1 package"/>
    <property name="java.specification.vendor" value="Oracle Corporation"/>
    <property name="user.language" value="zh"/>
    <property name="awt.toolkit" value="sun.awt.windows.WToolkit"/>
    <property name="java.vm.info" value="mixed mode"/>
    <property name="java.version" value="1.8.0_322"/>
    <property name="java.ext.dirs" value="C:\Users\26072\.jdks\corretto-1.8.0_322\jre\lib\ext;C:\Windows\Sun\Java\lib\ext"/>
    <property name="sun.boot.class.path" value="C:\Users\26072\.jdks\corretto-1.8.0_322\jre\lib\resources.jar;C:\Users\26072\.jdks\corretto-1.8.0_322\jre\lib\rt.jar;C:\Users\26072\.jdks\corretto-1.8.0_322\jre\lib\sunrsasign.jar;C:\Users\26072\.jdks\corretto-1.8.0_322\jre\lib\jsse.jar;C:\Users\26072\.jdks\corretto-1.8.0_322\jre\lib\jce.jar;C:\Users\26072\.jdks\corretto-1.8.0_322\jre\lib\charsets.jar;C:\Users\26072\.jdks\corretto-1.8.0_322\jre\lib\jfr.jar;C:\Users\26072\.jdks\corretto-1.8.0_322\jre\classes"/>
    <property name="java.vendor" value="Amazon.com Inc."/>
    <property name="maven.home" value="C:\apache-maven-3.6.1"/>
    <property name="file.separator" value="\"/>
    <property name="java.vendor.url.bug" value="https://github.com/corretto/corretto-8/issues/"/>
    <property name="sun.cpu.endian" value="little"/>
    <property name="sun.io.unicode.encoding" value="UnicodeLittle"/>
    <property name="sun.desktop" value="windows"/>
    <property name="sun.cpu.isalist" value="amd64"/>
  </properties>
  <testcase classname="com.tjut.test.TestUserMapperTest" name="com.tjut.test.TestUserMapperTest.testCourseTest" time="0.001">
    <failure type="java.lang.NullPointerException">java.lang.NullPointerException
	at com.tjut.test.TestUserMapperTest.testCourseTest(TestUserMapperTest.java:28)
</failure>
  </testcase>
</testsuite>